{
  "RSpec": {
    "coverage": {
      "/home/mauro/modyo/test-rails-7/poke-quiz-7/config/environment.rb": {
        "lines": [
          null,
          1,
          null,
          null,
          1
        ]
      },
      "/home/mauro/modyo/test-rails-7/poke-quiz-7/config/application.rb": {
        "lines": [
          1,
          null,
          1,
          null,
          null,
          null,
          1,
          null,
          1,
          1,
          null,
          1,
          null,
          null,
          null,
          null,
          1,
          null,
          null,
          null,
          null,
          null,
          null,
          null,
          null,
          null,
          null
        ]
      },
      "/home/mauro/modyo/test-rails-7/poke-quiz-7/config/boot.rb": {
        "lines": [
          1,
          null,
          1,
          1
        ]
      },
      "/home/mauro/modyo/test-rails-7/poke-quiz-7/config/environments/test.rb": {
        "lines": [
          1,
          null,
          null,
          null,
          null,
          null,
          null,
          1,
          null,
          null,
          null,
          1,
          null,
          null,
          null,
          null,
          null,
          1,
          null,
          null,
          1,
          1,
          null,
          null,
          null,
          null,
          1,
          1,
          1,
          null,
          null,
          1,
          null,
          null,
          1,
          null,
          null,
          1,
          null,
          1,
          null,
          null,
          null,
          null,
          1,
          null,
          null,
          1,
          null,
          null,
          1,
          null,
          null,
          1,
          null,
          null,
          null,
          null,
          null,
          null,
          null,
          null,
          1,
          null
        ]
      },
      "/home/mauro/modyo/test-rails-7/poke-quiz-7/config/initializers/assets.rb": {
        "lines": [
          null,
          null,
          null,
          1,
          null,
          null,
          null,
          null,
          null,
          null,
          null,
          null,
          1
        ]
      },
      "/home/mauro/modyo/test-rails-7/poke-quiz-7/config/initializers/content_security_policy.rb": {
        "lines": [
          null,
          null,
          null,
          null,
          null,
          null,
          null,
          null,
          null,
          null,
          null,
          null,
          null,
          null,
          null,
          null,
          null,
          null,
          null,
          null,
          null,
          null,
          null,
          null,
          null
        ]
      },
      "/home/mauro/modyo/test-rails-7/poke-quiz-7/config/initializers/filter_parameter_logging.rb": {
        "lines": [
          null,
          null,
          null,
          null,
          null,
          1,
          null,
          null
        ]
      },
      "/home/mauro/modyo/test-rails-7/poke-quiz-7/config/initializers/inflections.rb": {
        "lines": [
          null,
          null,
          null,
          null,
          null,
          null,
          null,
          null,
          null,
          null,
          null,
          null,
          null,
          null,
          null,
          null
        ]
      },
      "/home/mauro/modyo/test-rails-7/poke-quiz-7/config/initializers/permissions_policy.rb": {
        "lines": [
          null,
          null,
          null,
          null,
          null,
          null,
          null,
          null,
          null,
          null,
          null,
          null,
          null
        ]
      },
      "/home/mauro/modyo/test-rails-7/poke-quiz-7/spec/factories/questions.rb": {
        "lines": [
          1,
          1,
          1,
          1,
          null,
          null
        ]
      },
      "/home/mauro/modyo/test-rails-7/poke-quiz-7/spec/factories/quizzes.rb": {
        "lines": [
          1,
          1,
          1,
          5,
          5,
          5,
          null,
          null
        ]
      },
      "/home/mauro/modyo/test-rails-7/poke-quiz-7/spec/factories/users.rb": {
        "lines": [
          1,
          1,
          11,
          8,
          19,
          null,
          null
        ]
      },
      "/home/mauro/modyo/test-rails-7/poke-quiz-7/app/models/user.rb": {
        "lines": [
          1,
          1,
          1,
          null,
          1,
          1,
          1,
          1,
          null,
          1,
          20,
          null,
          null
        ]
      },
      "/home/mauro/modyo/test-rails-7/poke-quiz-7/app/models/application_record.rb": {
        "lines": [
          1,
          1,
          null
        ]
      },
      "/home/mauro/modyo/test-rails-7/poke-quiz-7/config/routes.rb": {
        "lines": [
          1,
          null,
          null,
          null,
          null,
          1,
          null,
          null,
          null,
          1,
          1,
          1,
          1,
          null,
          null,
          1,
          1,
          1,
          null,
          null,
          null,
          1,
          null
        ]
      },
      "/home/mauro/modyo/test-rails-7/poke-quiz-7/app/helpers/api/v1/quizzes_helper.rb": {
        "lines": [
          1,
          null
        ]
      },
      "/home/mauro/modyo/test-rails-7/poke-quiz-7/app/helpers/application_helper.rb": {
        "lines": [
          1,
          null,
          null,
          null,
          null,
          null,
          null,
          null,
          null,
          null,
          1,
          15,
          null,
          2,
          null,
          5,
          null,
          1,
          null,
          6,
          null,
          1,
          null,
          null,
          null
        ]
      },
      "/home/mauro/modyo/test-rails-7/poke-quiz-7/app/helpers/home_helper.rb": {
        "lines": [
          1,
          null
        ]
      },
      "/home/mauro/modyo/test-rails-7/poke-quiz-7/app/helpers/quizzes_helper.rb": {
        "lines": [
          1,
          1,
          4,
          null,
          null,
          null,
          null,
          null,
          null,
          null,
          null,
          null,
          null,
          null,
          null,
          null,
          null,
          1,
          15,
          null,
          2,
          null,
          1,
          null,
          1,
          null,
          2,
          2,
          2,
          null,
          1,
          1,
          1,
          null,
          2,
          10,
          null,
          null,
          1,
          5,
          null,
          null,
          2,
          null,
          1,
          1,
          1,
          null,
          2,
          null,
          null,
          null,
          null,
          null,
          null,
          null,
          null,
          null,
          1,
          7,
          null,
          2,
          null,
          1,
          null,
          1,
          null,
          1,
          null,
          1,
          null,
          1,
          null,
          null,
          null
        ]
      },
      "/home/mauro/modyo/test-rails-7/poke-quiz-7/app/helpers/sessions_helper.rb": {
        "lines": [
          1,
          null
        ]
      },
      "/home/mauro/modyo/test-rails-7/poke-quiz-7/app/helpers/users_helper.rb": {
        "lines": [
          1,
          null
        ]
      },
      "/home/mauro/modyo/test-rails-7/poke-quiz-7/spec/support/capybara.rb": {
        "lines": [
          1
        ]
      },
      "/home/mauro/modyo/test-rails-7/poke-quiz-7/spec/support/database_cleaner.rb": {
        "lines": [
          1,
          1,
          1,
          null,
          null,
          1,
          86,
          null,
          null,
          1,
          86,
          null,
          null,
          1,
          86,
          null,
          null
        ]
      },
      "/home/mauro/modyo/test-rails-7/poke-quiz-7/spec/support/factory_bot.rb": {
        "lines": [
          1,
          1,
          null
        ]
      },
      "/home/mauro/modyo/test-rails-7/poke-quiz-7/spec/support/helpers/quiz_helpers.rb": {
        "lines": [
          1,
          1,
          1,
          null,
          1,
          null,
          null,
          null,
          null,
          null,
          null,
          null,
          null,
          null,
          null,
          10,
          null,
          10,
          null,
          null,
          null,
          null
        ]
      },
      "/home/mauro/modyo/test-rails-7/poke-quiz-7/spec/support/helpers/session_helpers.rb": {
        "lines": [
          1,
          1,
          1,
          5,
          5,
          5,
          5,
          5,
          null,
          null,
          1,
          6,
          6,
          6,
          6,
          null,
          null,
          1,
          1,
          1,
          null,
          null,
          null
        ]
      },
      "/home/mauro/modyo/test-rails-7/poke-quiz-7/spec/support/shoulda.rb": {
        "lines": [
          1,
          null,
          1,
          1,
          1,
          1,
          null,
          null
        ]
      },
      "/home/mauro/modyo/test-rails-7/poke-quiz-7/spec/features/quiz/taking_quiz_spec.rb": {
        "lines": [
          1,
          null,
          1,
          1,
          1,
          1,
          1,
          null,
          1,
          1,
          null,
          null,
          1,
          null,
          null,
          null,
          null,
          null,
          null,
          null
        ]
      },
      "/home/mauro/modyo/test-rails-7/poke-quiz-7/spec/features/user/create_user_spec.rb": {
        "lines": [
          1,
          null,
          null,
          null,
          null,
          null,
          1,
          null,
          null,
          null,
          null,
          1,
          1,
          1,
          null,
          null,
          null,
          null,
          null,
          null,
          1,
          1,
          1,
          1,
          null,
          1,
          1,
          1,
          null,
          1,
          1,
          1,
          null,
          1,
          1,
          1,
          null,
          null,
          null
        ]
      },
      "/home/mauro/modyo/test-rails-7/poke-quiz-7/spec/features/user/sign_in_spec.rb": {
        "lines": [
          1,
          null,
          null,
          null,
          null,
          null,
          1,
          null,
          null,
          null,
          null,
          1,
          1,
          1,
          null,
          null,
          null,
          null,
          null,
          null,
          1,
          1,
          1,
          1,
          null,
          null,
          null,
          null,
          null,
          null,
          1,
          1,
          1,
          1,
          null,
          null,
          null,
          null,
          null,
          null,
          1,
          1,
          1,
          1,
          null,
          null
        ]
      },
      "/home/mauro/modyo/test-rails-7/poke-quiz-7/spec/features/user/sign_out_spec.rb": {
        "lines": [
          1,
          null,
          null,
          null,
          null,
          null,
          1,
          null,
          null,
          null,
          null,
          1,
          1,
          1,
          1,
          1,
          1,
          null,
          null
        ]
      },
      "/home/mauro/modyo/test-rails-7/poke-quiz-7/spec/helpers/application_helper_spec.rb": {
        "lines": [
          1,
          null,
          null,
          null,
          null,
          null,
          null,
          null,
          null,
          null,
          null,
          null,
          1,
          1,
          1,
          1,
          null,
          1,
          1,
          null,
          1,
          1,
          null,
          1,
          1,
          null,
          1,
          1,
          null,
          null,
          null
        ]
      },
      "/home/mauro/modyo/test-rails-7/poke-quiz-7/spec/helpers/quizzes_helper_spec.rb": {
        "lines": [
          1,
          null,
          null,
          null,
          null,
          null,
          null,
          null,
          null,
          null,
          null,
          null,
          1,
          1,
          11,
          11,
          11,
          11,
          null,
          1,
          1,
          null,
          null,
          1,
          1,
          null,
          null,
          1,
          1,
          null,
          1,
          1,
          1,
          null,
          1,
          1,
          1,
          null,
          1,
          1,
          null,
          null,
          null,
          1,
          1,
          null,
          null,
          null,
          1,
          1,
          null,
          1,
          1,
          null,
          null,
          1,
          1,
          null,
          null,
          null,
          1,
          1,
          1,
          null,
          1,
          1,
          null,
          1,
          1,
          null,
          1,
          1,
          null,
          1,
          1,
          null,
          1,
          1,
          null,
          null,
          null
        ]
      },
      "/home/mauro/modyo/test-rails-7/poke-quiz-7/spec/models/pokemon_spec.rb": {
        "lines": [
          1,
          null,
          1,
          1,
          1,
          1,
          1,
          null,
          1,
          1,
          null,
          1,
          1,
          null,
          1,
          1,
          null,
          null,
          null,
          1,
          1,
          1,
          1,
          null,
          1,
          1,
          null,
          1,
          1,
          null,
          null,
          null
        ]
      },
      "/home/mauro/modyo/test-rails-7/poke-quiz-7/app/models/pokemon.rb": {
        "lines": [
          null,
          null,
          1,
          1,
          1,
          null,
          null,
          1,
          87921,
          14,
          70,
          null,
          null,
          null,
          null,
          null,
          null,
          1,
          30,
          null,
          null,
          null,
          null,
          1,
          100,
          100,
          1000,
          null,
          100,
          null,
          null,
          null,
          null,
          null,
          800,
          8165,
          null,
          100,
          null,
          null,
          null,
          null,
          null,
          87,
          null,
          null,
          46,
          null,
          null,
          null,
          null,
          null,
          null,
          null,
          null,
          null,
          null,
          1,
          23,
          null,
          null,
          null,
          null,
          1,
          57,
          null,
          null,
          null,
          null,
          1,
          20,
          16,
          null,
          4,
          null,
          null,
          null,
          null,
          null,
          1,
          18,
          14,
          null,
          4,
          null,
          null,
          null,
          null,
          null,
          1,
          12,
          null,
          10,
          4,
          null,
          6,
          6,
          null,
          6,
          null,
          null,
          null,
          null,
          null,
          1,
          11,
          1,
          10,
          8,
          null,
          6,
          null,
          null,
          null,
          null,
          null,
          null,
          null,
          1,
          3,
          3,
          12,
          12,
          12,
          null,
          3,
          null,
          null
        ]
      },
      "/home/mauro/modyo/test-rails-7/poke-quiz-7/app/models/poke_model.rb": {
        "lines": [
          1,
          1,
          null
        ]
      },
      "/home/mauro/modyo/test-rails-7/poke-quiz-7/spec/models/question_spec.rb": {
        "lines": [
          1,
          null,
          1,
          1,
          1,
          null,
          1,
          null,
          null,
          null,
          null,
          null,
          null,
          null,
          null,
          null,
          null,
          10,
          null,
          10,
          10,
          null,
          null,
          null,
          null,
          1,
          21,
          1,
          1,
          1,
          null,
          1,
          1,
          null,
          null,
          1,
          1,
          1,
          null,
          1,
          1,
          null,
          null,
          1,
          1,
          1,
          null,
          1,
          1,
          null,
          null,
          1,
          1,
          1,
          null,
          1,
          1,
          null,
          null,
          1,
          1,
          1,
          null,
          1,
          1,
          null,
          null,
          1,
          1,
          1,
          null,
          1,
          1,
          null,
          null,
          1,
          1,
          1,
          null,
          1,
          1,
          null,
          null,
          1,
          1,
          1,
          null,
          1,
          1,
          null,
          null,
          1,
          1,
          1,
          null,
          1,
          1,
          null,
          null,
          1,
          1,
          1,
          null,
          1,
          1,
          null,
          null,
          null,
          null,
          1,
          5,
          1,
          1,
          1,
          null,
          1,
          1,
          null,
          null,
          1,
          1,
          1,
          null,
          1,
          1,
          null,
          null,
          null,
          null,
          1,
          3,
          1,
          1,
          1,
          null,
          1,
          1,
          null,
          null,
          null,
          null
        ]
      },
      "/home/mauro/modyo/test-rails-7/poke-quiz-7/app/models/question.rb": {
        "lines": [
          1,
          1,
          null,
          null,
          1,
          32,
          null,
          3,
          null,
          2,
          null,
          2,
          null,
          5,
          3,
          null,
          2,
          null,
          null,
          6,
          2,
          null,
          4,
          null,
          null,
          3,
          null,
          null,
          2,
          null,
          null,
          3,
          null,
          2,
          null,
          4,
          null,
          null,
          null
        ]
      },
      "/home/mauro/modyo/test-rails-7/poke-quiz-7/spec/models/quiz_spec.rb": {
        "lines": [
          1,
          null,
          1,
          3,
          null,
          1,
          2,
          null,
          null,
          1,
          2,
          null,
          null,
          1,
          1,
          1,
          1,
          1,
          null,
          null,
          1,
          1,
          1,
          1,
          1,
          1,
          null,
          null,
          1,
          1,
          1,
          1,
          1,
          1,
          null,
          null,
          null
        ]
      },
      "/home/mauro/modyo/test-rails-7/poke-quiz-7/app/models/quiz.rb": {
        "lines": [
          1,
          1,
          1,
          null
        ]
      },
      "/home/mauro/modyo/test-rails-7/poke-quiz-7/spec/models/user_spec.rb": {
        "lines": [
          1,
          null,
          1,
          5,
          null,
          1,
          2,
          null,
          null,
          1,
          2,
          2,
          2,
          null,
          null,
          1,
          1,
          1,
          1,
          1,
          null,
          null,
          1,
          1,
          1,
          1,
          1,
          1,
          null,
          null,
          1,
          1,
          1,
          1,
          1,
          1,
          null,
          null,
          null
        ]
      },
      "/home/mauro/modyo/test-rails-7/poke-quiz-7/spec/requests/api/v1/quizzes_spec.rb": {
        "lines": [
          1,
          null,
          1,
          1,
          1,
          1,
          3,
          3,
          3,
          3,
          3,
          null,
          1,
          1,
          1,
          null,
          1,
          1,
          null,
          1,
          1,
          null,
          null,
          null,
          null
        ]
      },
      "/home/mauro/modyo/test-rails-7/poke-quiz-7/spec/requests/quizzes_spec.rb": {
        "lines": [
          1,
          null,
          1,
          2,
          1,
          1,
          1,
          1,
          1,
          null,
          null,
          null,
          null,
          1,
          1,
          1,
          1,
          1,
          null,
          null,
          1,
          1,
          1,
          null,
          null,
          1,
          1,
          1,
          1,
          null,
          null,
          null,
          null
        ]
      },
      "/home/mauro/modyo/test-rails-7/poke-quiz-7/spec/requests/sessions_spec.rb": {
        "lines": [
          1,
          null,
          1,
          1,
          1,
          2,
          1,
          1,
          1,
          1,
          null,
          null,
          null,
          null
        ]
      },
      "/home/mauro/modyo/test-rails-7/poke-quiz-7/spec/requests/users_spec.rb": {
        "lines": [
          1,
          null,
          1,
          1,
          1,
          1,
          null,
          1,
          1,
          1,
          null,
          null,
          null
        ]
      },
      "/home/mauro/modyo/test-rails-7/poke-quiz-7/app/controllers/sessions_controller.rb": {
        "lines": [
          1,
          1,
          1,
          null,
          null,
          null,
          null,
          1,
          7,
          7,
          7,
          4,
          4,
          null,
          3,
          3,
          null,
          null,
          null,
          null,
          null,
          null,
          1,
          1,
          1,
          1,
          null,
          null
        ]
      },
      "/home/mauro/modyo/test-rails-7/poke-quiz-7/app/controllers/application_controller.rb": {
        "lines": [
          1,
          1,
          1,
          null,
          null,
          null,
          1,
          10,
          null,
          null,
          null,
          null,
          null,
          1,
          32,
          null,
          null,
          null,
          1,
          25,
          null,
          null
        ]
      },
      "/home/mauro/modyo/test-rails-7/poke-quiz-7/app/controllers/quizzes_controller.rb": {
        "lines": [
          1,
          null,
          null,
          null,
          null,
          1,
          4,
          4,
          4,
          4,
          4,
          4,
          4,
          4,
          null,
          null,
          null,
          null,
          1,
          2,
          2,
          2,
          2,
          2,
          6,
          null,
          2,
          2,
          2,
          null,
          0,
          null,
          null,
          null,
          1,
          1,
          null,
          null,
          1,
          2,
          null,
          null
        ]
      },
      "/home/mauro/modyo/test-rails-7/poke-quiz-7/app/models/ability.rb": {
        "lines": [
          null,
          null,
          1,
          null,
          null,
          null,
          1,
          11,
          133,
          55,
          null,
          null
        ]
      },
      "/home/mauro/modyo/test-rails-7/poke-quiz-7/app/controllers/users_controller.rb": {
        "lines": [
          1,
          1,
          1,
          null,
          1,
          9,
          null,
          null,
          null,
          null,
          null,
          1,
          6,
          6,
          2,
          2,
          null,
          4,
          null,
          null,
          null,
          1,
          null,
          1,
          6,
          null,
          null
        ]
      },
      "/home/mauro/modyo/test-rails-7/poke-quiz-7/app/controllers/home_controller.rb": {
        "lines": [
          1,
          1,
          null
        ]
      },
      "/home/mauro/modyo/test-rails-7/poke-quiz-7/app/models/pokemon_type.rb": {
        "lines": [
          null,
          null,
          1,
          1,
          null,
          1,
          10,
          210,
          null,
          null
        ]
      },
      "/home/mauro/modyo/test-rails-7/poke-quiz-7/app/controllers/api/v1/quizzes_controller.rb": {
        "lines": [
          1,
          1,
          null,
          1,
          null,
          3,
          null,
          null,
          null
        ]
      }
    },
    "timestamp": 1723647592
  }
}
